<?xml version="1.0" encoding="UTF-8"?>
<!-- Generated by org.testng.reporters.JUnitReportReporter -->
<testsuite hostname="DESKTOP-GV8RDT5" failures="0" tests="1" name="Project1.RestAssured.TC_0001_GetRequest" time="3.288" errors="0" timestamp="09 Jun 2021 04:12:32 GMT" skipped="0">
  <testcase classname="Project1.RestAssured.TC_0001_GetRequest" name="getWeatherDetails" time="3.288"/>
</testsuite> <!-- Project1.RestAssured.TC_0001_GetRequest -->
